# JRE version: Java(TM) SE Runtime Environment (8.0_141-b15) (build 1.8.0_141-b15)
# Java VM: Java HotSpot(TM) 64-Bit Server VM (25.141-b15 mixed mode windows-amd64 compressed oops)
Heap:
 PSYoungGen      total 35328K, used 17553K [0x00000000eb180000, 0x00000000ed680000, 0x0000000100000000)
  eden space 32768K, 53% used [0x00000000eb180000,0x00000000ec2a4568,0x00000000ed180000)
  from space 2560K, 0% used [0x00000000ed400000,0x00000000ed400000,0x00000000ed680000)
  to   space 2560K, 0% used [0x00000000ed180000,0x00000000ed180000,0x00000000ed400000)
 ParOldGen       total 45568K, used 12176K [0x00000000c1400000, 0x00000000c4080000, 0x00000000eb180000)
  object space 45568K, 26% used [0x00000000c1400000,0x00000000c1fe4078,0x00000000c4080000)
 Metaspace       used 22740K, capacity 23002K, committed 23296K, reserved 1069056K
  class space    used 2655K, capacity 2751K, committed 2816K, reserved 1048576K
GC Heap History (10 events):
Event: 2.472 GC heap before
{Heap before GC invocations=1 (full 0):
 PSYoungGen      total 18944K, used 16384K [0x00000000eb180000, 0x00000000ec680000, 0x0000000100000000)
  eden space 16384K, 100% used [0x00000000eb180000,0x00000000ec180000,0x00000000ec180000)
  from space 2560K, 0% used [0x00000000ec400000,0x00000000ec400000,0x00000000ec680000)
  to   space 2560K, 0% used [0x00000000ec180000,0x00000000ec180000,0x00000000ec400000)
 ParOldGen       total 44032K, used 0K [0x00000000c1400000, 0x00000000c3f00000, 0x00000000eb180000)
  object space 44032K, 0% used [0x00000000c1400000,0x00000000c1400000,0x00000000c3f00000)
 Metaspace       used 13314K, capacity 13520K, committed 13824K, reserved 1060864K
  class space    used 1571K, capacity 1672K, committed 1792K, reserved 1048576K
Event: 2.486 GC heap after
Heap after GC invocations=1 (full 0):
 PSYoungGen      total 18944K, used 2544K [0x00000000eb180000, 0x00000000ec680000, 0x0000000100000000)
  eden space 16384K, 0% used [0x00000000eb180000,0x00000000eb180000,0x00000000ec180000)
  from space 2560K, 99% used [0x00000000ec180000,0x00000000ec3fc130,0x00000000ec400000)
  to   space 2560K, 0% used [0x00000000ec400000,0x00000000ec400000,0x00000000ec680000)
 ParOldGen       total 44032K, used 1983K [0x00000000c1400000, 0x00000000c3f00000, 0x00000000eb180000)
  object space 44032K, 4% used [0x00000000c1400000,0x00000000c15efe08,0x00000000c3f00000)
 Metaspace       used 13314K, capacity 13520K, committed 13824K, reserved 1060864K
  class space    used 1571K, capacity 1672K, committed 1792K, reserved 1048576K
}
Event: 3.538 GC heap before
{Heap before GC invocations=2 (full 0):
 PSYoungGen      total 18944K, used 18928K [0x00000000eb180000, 0x00000000ec680000, 0x0000000100000000)
  eden space 16384K, 100% used [0x00000000eb180000,0x00000000ec180000,0x00000000ec180000)
  from space 2560K, 99% used [0x00000000ec180000,0x00000000ec3fc130,0x00000000ec400000)
  to   space 2560K, 0% used [0x00000000ec400000,0x00000000ec400000,0x00000000ec680000)
 ParOldGen       total 44032K, used 1983K [0x00000000c1400000, 0x00000000c3f00000, 0x00000000eb180000)
  object space 44032K, 4% used [0x00000000c1400000,0x00000000c15efe08,0x00000000c3f00000)
 Metaspace       used 16059K, capacity 16246K, committed 16512K, reserved 1064960K
  class space    used 1766K, capacity 1833K, committed 1920K, reserved 1048576K
Event: 3.559 GC heap after
Heap after GC invocations=2 (full 0):
 PSYoungGen      total 18944K, used 2560K [0x00000000eb180000, 0x00000000ed680000, 0x0000000100000000)
  eden space 16384K, 0% used [0x00000000eb180000,0x00000000eb180000,0x00000000ec180000)
  from space 2560K, 100% used [0x00000000ec400000,0x00000000ec680000,0x00000000ec680000)
  to   space 2560K, 0% used [0x00000000ec180000,0x00000000ec180000,0x00000000ec400000)
 ParOldGen       total 44032K, used 5856K [0x00000000c1400000, 0x00000000c3f00000, 0x00000000eb180000)
  object space 44032K, 13% used [0x00000000c1400000,0x00000000c19b81d8,0x00000000c3f00000)
 Metaspace       used 16059K, capacity 16246K, committed 16512K, reserved 1064960K
  class space    used 1766K, capacity 1833K, committed 1920K, reserved 1048576K
}
Event: 5.154 GC heap before
{Heap before GC invocations=3 (full 0):
 PSYoungGen      total 18944K, used 17083K [0x00000000eb180000, 0x00000000ed680000, 0x0000000100000000)
  eden space 16384K, 88% used [0x00000000eb180000,0x00000000ebfaec88,0x00000000ec180000)
  from space 2560K, 100% used [0x00000000ec400000,0x00000000ec680000,0x00000000ec680000)
  to   space 2560K, 0% used [0x00000000ec180000,0x00000000ec180000,0x00000000ec400000)
 ParOldGen       total 44032K, used 5856K [0x00000000c1400000, 0x00000000c3f00000, 0x00000000eb180000)
  object space 44032K, 13% used [0x00000000c1400000,0x00000000c19b81d8,0x00000000c3f00000)
 Metaspace       used 20630K, capacity 20918K, committed 21248K, reserved 1069056K
  class space    used 2445K, capacity 2527K, committed 2560K, reserved 1048576K
Event: 5.185 GC heap after
Heap after GC invocations=3 (full 0):
 PSYoungGen      total 18944K, used 2560K [0x00000000eb180000, 0x00000000ed680000, 0x0000000100000000)
  eden space 16384K, 0% used [0x00000000eb180000,0x00000000eb180000,0x00000000ec180000)
  from space 2560K, 100% used [0x00000000ec180000,0x00000000ec400000,0x00000000ec400000)
  to   space 2560K, 0% used [0x00000000ed400000,0x00000000ed400000,0x00000000ed680000)
 ParOldGen       total 44032K, used 8066K [0x00000000c1400000, 0x00000000c3f00000, 0x00000000eb180000)
  object space 44032K, 18% used [0x00000000c1400000,0x00000000c1be08b0,0x00000000c3f00000)
 Metaspace       used 20630K, capacity 20918K, committed 21248K, reserved 1069056K
  class space    used 2445K, capacity 2527K, committed 2560K, reserved 1048576K
}
Event: 5.306 GC heap before
{Heap before GC invocations=4 (full 0):
 PSYoungGen      total 18944K, used 6610K [0x00000000eb180000, 0x00000000ed680000, 0x0000000100000000)
  eden space 16384K, 24% used [0x00000000eb180000,0x00000000eb574a28,0x00000000ec180000)
  from space 2560K, 100% used [0x00000000ec180000,0x00000000ec400000,0x00000000ec400000)
  to   space 2560K, 0% used [0x00000000ed400000,0x00000000ed400000,0x00000000ed680000)
 ParOldGen       total 44032K, used 8066K [0x00000000c1400000, 0x00000000c3f00000, 0x00000000eb180000)
  object space 44032K, 18% used [0x00000000c1400000,0x00000000c1be08b0,0x00000000c3f00000)
 Metaspace       used 20838K, capacity 21082K, committed 21248K, reserved 1069056K
  class space    used 2468K, capacity 2559K, committed 2560K, reserved 1048576K
Event: 5.327 GC heap after
Heap after GC invocations=4 (full 0):
 PSYoungGen      total 35328K, used 2560K [0x00000000eb180000, 0x00000000ed680000, 0x0000000100000000)
  eden space 32768K, 0% used [0x00000000eb180000,0x00000000eb180000,0x00000000ed180000)
  from space 2560K, 100% used [0x00000000ed400000,0x00000000ed680000,0x00000000ed680000)
  to   space 2560K, 0% used [0x00000000ed180000,0x00000000ed180000,0x00000000ed400000)
 ParOldGen       total 44032K, used 19425K [0x00000000c1400000, 0x00000000c3f00000, 0x00000000eb180000)
  object space 44032K, 44% used [0x00000000c1400000,0x00000000c26f86f8,0x00000000c3f00000)
 Metaspace       used 20838K, capacity 21082K, committed 21248K, reserved 1069056K
  class space    used 2468K, capacity 2559K, committed 2560K, reserved 1048576K
}
Event: 5.327 GC heap before
{Heap before GC invocations=5 (full 1):
 PSYoungGen      total 35328K, used 2560K [0x00000000eb180000, 0x00000000ed680000, 0x0000000100000000)
  eden space 32768K, 0% used [0x00000000eb180000,0x00000000eb180000,0x00000000ed180000)
  from space 2560K, 100% used [0x00000000ed400000,0x00000000ed680000,0x00000000ed680000)
  to   space 2560K, 0% used [0x00000000ed180000,0x00000000ed180000,0x00000000ed400000)
 ParOldGen       total 44032K, used 19425K [0x00000000c1400000, 0x00000000c3f00000, 0x00000000eb180000)
  object space 44032K, 44% used [0x00000000c1400000,0x00000000c26f86f8,0x00000000c3f00000)
 Metaspace       used 20838K, capacity 21082K, committed 21248K, reserved 1069056K
  class space    used 2468K, capacity 2559K, committed 2560K, reserved 1048576K
Event: 5.467 GC heap after
Heap after GC invocations=5 (full 1):
 PSYoungGen      total 35328K, used 0K [0x00000000eb180000, 0x00000000ed680000, 0x0000000100000000)
  eden space 32768K, 0% used [0x00000000eb180000,0x00000000eb180000,0x00000000ed180000)
  from space 2560K, 0% used [0x00000000ed400000,0x00000000ed400000,0x00000000ed680000)
  to   space 2560K, 0% used [0x00000000ed180000,0x00000000ed180000,0x00000000ed400000)
 ParOldGen       total 45568K, used 12176K [0x00000000c1400000, 0x00000000c4080000, 0x00000000eb180000)
  object space 45568K, 26% used [0x00000000c1400000,0x00000000c1fe4078,0x00000000c4080000)
 Metaspace       used 20838K, capacity 21082K, committed 21248K, reserved 1069056K
  class space    used 2468K, capacity 2559K, committed 2560K, reserved 1048576K
}

